<?xml version="1.0" encoding="UTF-8"?>
<testsuite name="Run on FIREFOX"
           tests="32"
           failures="1"
           errors="0"
           skipped="30"
           time="1.905">
  <properties />
            <testcase name="inputValidEmailUnregister" time="0.000" classname="com.jobchat.account.Register_01_1_Validation_UserName_Password">
                <failure type="org.openqa.selenium.NoSuchWindowException"
                  message="Window not found. The browser window may have been closed.
Command duration or timeout: 16 milliseconds
Build info: version: &apos;2.53.1&apos;, revision: &apos;a36b8b1&apos;, time: &apos;2016-06-30 17:37:03&apos;
System info: host: &apos;NhanPVs-MacBook-Pro.local&apos;, ip: &apos;192.168.1.28&apos;, os.name: &apos;Mac OS X&apos;, os.arch: &apos;x86_64&apos;, os.version: &apos;10.14.6&apos;, java.version: &apos;1.8.0_201&apos;
Driver info: org.openqa.selenium.firefox.FirefoxDriver
Capabilities [{applicationCacheEnabled=true, rotatable=false, handlesAlerts=true, databaseEnabled=true, version=47.0.2, platform=MAC, nativeEvents=false, acceptSslCerts=true, webStorageEnabled=true, locationContextEnabled=true, browserName=firefox, takesScreenshot=true, javascriptEnabled=true, cssSelectorsEnabled=true}]
Session ID: 2e98faf6-4690-1243-a6bd-26ba64086315"
              >
<![CDATA[org.openqa.selenium.NoSuchWindowException: Window not found. The browser window may have been closed.
Command duration or timeout: 16 milliseconds
Build info: version: '2.53.1', revision: 'a36b8b1', time: '2016-06-30 17:37:03'
System info: host: 'NhanPVs-MacBook-Pro.local', ip: '192.168.1.28', os.name: 'Mac OS X', os.arch: 'x86_64', os.version: '10.14.6', java.version: '1.8.0_201'
Driver info: org.openqa.selenium.firefox.FirefoxDriver
Capabilities [{applicationCacheEnabled=true, rotatable=false, handlesAlerts=true, databaseEnabled=true, version=47.0.2, platform=MAC, nativeEvents=false, acceptSslCerts=true, webStorageEnabled=true, locationContextEnabled=true, browserName=firefox, takesScreenshot=true, javascriptEnabled=true, cssSelectorsEnabled=true}]
Session ID: 2e98faf6-4690-1243-a6bd-26ba64086315
  sun.reflect.NativeConstructorAccessorImpl.newInstance0(Native Method)
  sun.reflect.NativeConstructorAccessorImpl.newInstance(NativeConstructorAccessorImpl.java:62)
  sun.reflect.DelegatingConstructorAccessorImpl.newInstance(DelegatingConstructorAccessorImpl.java:45)
  java.lang.reflect.Constructor.newInstance(Constructor.java:423)
  org.openqa.selenium.remote.ErrorHandler.createThrowable(ErrorHandler.java:206)
  org.openqa.selenium.remote.ErrorHandler.throwIfResponseFailed(ErrorHandler.java:158)
  org.openqa.selenium.remote.RemoteWebDriver.execute(RemoteWebDriver.java:678)
  org.openqa.selenium.remote.RemoteWebDriver.executeScript(RemoteWebDriver.java:577)
  commons.AbstractPage.highlightElement(AbstractPage.java:430)
  commons.AbstractPage.getTextElement(AbstractPage.java:174)
  pageObjects.RegisterPageObject.isEmailPhoneUserTextDisplayed(RegisterPageObject.java:26)
  com.jobchat.account.Register_01_1_Validation_UserName_Password.inputValidEmailUnregister(Register_01_1_Validation_UserName_Password.java:42)
  sun.reflect.NativeMethodAccessorImpl.invoke0(Native Method)
  sun.reflect.NativeMethodAccessorImpl.invoke(NativeMethodAccessorImpl.java:62)
  sun.reflect.DelegatingMethodAccessorImpl.invoke(DelegatingMethodAccessorImpl.java:43)
  java.lang.reflect.Method.invoke(Method.java:498)
  org.testng.internal.MethodInvocationHelper.invokeMethod(MethodInvocationHelper.java:85)
  org.testng.internal.Invoker.invokeConfigurationMethod(Invoker.java:510)
  org.testng.internal.Invoker.invokeConfigurations(Invoker.java:211)
  org.testng.internal.Invoker.invokeMethod(Invoker.java:585)
  org.testng.internal.Invoker.invokeTestMethod(Invoker.java:816)
  org.testng.internal.Invoker.invokeTestMethods(Invoker.java:1124)
  org.testng.internal.TestMethodWorker.invokeTestMethods(TestMethodWorker.java:125)
  org.testng.internal.TestMethodWorker.run(TestMethodWorker.java:108)
  org.testng.TestRunner.privateRun(TestRunner.java:774)
  org.testng.TestRunner.run(TestRunner.java:624)
  org.testng.SuiteRunner.runTest(SuiteRunner.java:359)
  org.testng.SuiteRunner.runSequentially(SuiteRunner.java:354)
  org.testng.SuiteRunner.privateRun(SuiteRunner.java:312)
  org.testng.SuiteRunner.run(SuiteRunner.java:261)
  org.testng.SuiteRunnerWorker.runSuite(SuiteRunnerWorker.java:52)
  org.testng.SuiteRunnerWorker.run(SuiteRunnerWorker.java:86)
  org.testng.TestNG.runSuitesSequentially(TestNG.java:1215)
  org.testng.TestNG.runSuitesLocally(TestNG.java:1140)
  org.testng.TestNG.run(TestNG.java:1048)
  org.testng.remote.RemoteTestNG.run(RemoteTestNG.java:112)
  org.testng.remote.RemoteTestNG.initAndRun(RemoteTestNG.java:205)
  org.testng.remote.RemoteTestNG.main(RemoteTestNG.java:176)
Caused by: org.openqa.selenium.NoSuchWindowException: Window not found. The browser window may have been closed.
Build info: version: '2.53.1', revision: 'a36b8b1', time: '2016-06-30 17:37:03'
System info: host: 'NhanPVs-MacBook-Pro.local', ip: '192.168.1.28', os.name: 'Mac OS X', os.arch: 'x86_64', os.version: '10.14.6', java.version: '1.8.0_201'
Driver info: driver.version: unknown
  <anonymous class>.nsCommandProcessor.prototype.execute(file:///var/folders/h_/v27c412j0sqbrck5bd8pqvfh0000gn/T/anonymous4650728440404723136webdriver-profile/extensions/fxdriver@googlecode.com/components/command-processor.js:12719)
  <anonymous class>.Dispatcher.executeAs/<(file:///var/folders/h_/v27c412j0sqbrck5bd8pqvfh0000gn/T/anonymous4650728440404723136webdriver-profile/extensions/fxdriver@googlecode.com/components/driver-component.js:9558)
  <anonymous class>.Resource.prototype.handle(file:///var/folders/h_/v27c412j0sqbrck5bd8pqvfh0000gn/T/anonymous4650728440404723136webdriver-profile/extensions/fxdriver@googlecode.com/components/driver-component.js:9705)
  <anonymous class>.Dispatcher.prototype.dispatch(file:///var/folders/h_/v27c412j0sqbrck5bd8pqvfh0000gn/T/anonymous4650728440404723136webdriver-profile/extensions/fxdriver@googlecode.com/components/driver-component.js:9652)
  <anonymous class>.WebDriverServer/<.handle(file:///var/folders/h_/v27c412j0sqbrck5bd8pqvfh0000gn/T/anonymous4650728440404723136webdriver-profile/extensions/fxdriver@googlecode.com/components/driver-component.js:12517)
  <anonymous class>.createHandlerFunc/<(file:///var/folders/h_/v27c412j0sqbrck5bd8pqvfh0000gn/T/anonymous4650728440404723136webdriver-profile/extensions/fxdriver@googlecode.com/components/httpd.js:2054)
  <anonymous class>.ServerHandler.prototype.handleResponse(file:///var/folders/h_/v27c412j0sqbrck5bd8pqvfh0000gn/T/anonymous4650728440404723136webdriver-profile/extensions/fxdriver@googlecode.com/components/httpd.js:2387)
  <anonymous class>.Connection.prototype.process(file:///var/folders/h_/v27c412j0sqbrck5bd8pqvfh0000gn/T/anonymous4650728440404723136webdriver-profile/extensions/fxdriver@googlecode.com/components/httpd.js:1223)
  <anonymous class>.RequestReader.prototype._handleResponse(file:///var/folders/h_/v27c412j0sqbrck5bd8pqvfh0000gn/T/anonymous4650728440404723136webdriver-profile/extensions/fxdriver@googlecode.com/components/httpd.js:1677)
  <anonymous class>.RequestReader.prototype._processBody(file:///var/folders/h_/v27c412j0sqbrck5bd8pqvfh0000gn/T/anonymous4650728440404723136webdriver-profile/extensions/fxdriver@googlecode.com/components/httpd.js:1525)
  <anonymous class>.RequestReader.prototype.onInputStreamReady(file:///var/folders/h_/v27c412j0sqbrck5bd8pqvfh0000gn/T/anonymous4650728440404723136webdriver-profile/extensions/fxdriver@googlecode.com/components/httpd.js:1393)
]]>
      </failure>

          </testcase>
  
            <testcase name="inputValidEmailUnregister" time="0.0" classname="com.jobchat.account.Register_01_1_Validation_UserName_Password">
          <skipped />
    </testcase>
            <testcase name="refreshBrowser" time="0.0" classname="com.jobchat.account.Register_01_1_Validation_UserName_Password">
          <skipped />
    </testcase>
            <testcase name="inputValidEmailUnregister" time="0.0" classname="com.jobchat.account.Register_01_1_Validation_UserName_Password">
          <skipped />
    </testcase>
            <testcase name="refreshBrowser" time="0.0" classname="com.jobchat.account.Register_01_1_Validation_UserName_Password">
          <skipped />
    </testcase>
            <testcase name="refreshBrowser" time="0.0" classname="com.jobchat.account.Register_01_1_Validation_UserName_Password">
          <skipped />
    </testcase>
            <testcase name="inputValidEmailUnregister" time="0.0" classname="com.jobchat.account.Register_01_1_Validation_UserName_Password">
          <skipped />
    </testcase>
            <testcase name="inputValidEmailUnregister" time="0.0" classname="com.jobchat.account.Register_01_1_Validation_UserName_Password">
          <skipped />
    </testcase>
            <testcase name="inputValidEmailUnregister" time="0.0" classname="com.jobchat.account.Register_01_1_Validation_UserName_Password">
          <skipped />
    </testcase>
            <testcase name="refreshBrowser" time="0.0" classname="com.jobchat.account.Register_01_1_Validation_UserName_Password">
          <skipped />
    </testcase>
            <testcase name="refreshBrowser" time="0.0" classname="com.jobchat.account.Register_01_1_Validation_UserName_Password">
          <skipped />
    </testcase>
            <testcase name="refreshBrowser" time="0.0" classname="com.jobchat.account.Register_01_1_Validation_UserName_Password">
          <skipped />
    </testcase>
            <testcase name="inputValidEmailUnregister" time="0.0" classname="com.jobchat.account.Register_01_1_Validation_UserName_Password">
          <skipped />
    </testcase>
            <testcase name="refreshBrowser" time="0.0" classname="com.jobchat.account.Register_01_1_Validation_UserName_Password">
          <skipped />
    </testcase>
            <testcase name="inputValidEmailUnregister" time="0.0" classname="com.jobchat.account.Register_01_1_Validation_UserName_Password">
          <skipped />
    </testcase>
            <testcase name="inputValidEmailUnregister" time="0.0" classname="com.jobchat.account.Register_01_1_Validation_UserName_Password">
          <skipped />
    </testcase>
            <testcase name="afterClass" time="0.0" classname="com.jobchat.account.Register_01_1_Validation_UserName_Password">
          <skipped />
    </testcase>
            <testcase name="refreshBrowser" time="0.0" classname="com.jobchat.account.Register_01_1_Validation_UserName_Password">
          <skipped />
    </testcase>
            <testcase name="refreshBrowser" time="0.0" classname="com.jobchat.account.Register_01_1_Validation_UserName_Password">
          <skipped />
    </testcase>
            <testcase name="refreshBrowser" time="0.0" classname="com.jobchat.account.Register_01_1_Validation_UserName_Password">
          <skipped />
    </testcase>
            <testcase name="inputValidEmailUnregister" time="0.0" classname="com.jobchat.account.Register_01_1_Validation_UserName_Password">
          <skipped />
    </testcase>
            <testcase name="TC04_UserName_MaxLength255Chars" time="0.0" classname="com.jobchat.account.Register_01_1_Validation_UserName_Password">
          <skipped />
    </testcase>
            <testcase name="TC11_Check_Operate_View_Password" time="0.0" classname="com.jobchat.account.Register_01_1_Validation_UserName_Password">
          <skipped />
    </testcase>
            <testcase name="TC07_Password_LessThan6Chars" time="0.0" classname="com.jobchat.account.Register_01_1_Validation_UserName_Password">
          <skipped />
    </testcase>
            <testcase name="TC05_Password_Empty" time="0.0" classname="com.jobchat.account.Register_01_1_Validation_UserName_Password">
          <skipped />
    </testcase>
            <testcase name="TC06_Password_OnlySpace" time="0.0" classname="com.jobchat.account.Register_01_1_Validation_UserName_Password">
          <skipped />
    </testcase>
            <testcase name="TC12_ValidData_and_Register_successfully" time="0.0" classname="com.jobchat.account.Register_01_1_Validation_UserName_Password">
          <skipped />
    </testcase>
            <testcase name="TC03_UserName_OnlySpace" time="0.0" classname="com.jobchat.account.Register_01_1_Validation_UserName_Password">
          <skipped />
    </testcase>
            <testcase name="TC02_UserName_Empty" time="0.0" classname="com.jobchat.account.Register_01_1_Validation_UserName_Password">
          <skipped />
    </testcase>
            <testcase name="TC10_Open_TermOfUse" time="0.0" classname="com.jobchat.account.Register_01_1_Validation_UserName_Password">
          <skipped />
    </testcase>
            <testcase name="TC09_Navigate_From_Register_To_Login" time="0.0" classname="com.jobchat.account.Register_01_1_Validation_UserName_Password">
          <skipped />
    </testcase>
  
            <testcase name="TC01_DontInputDataAllField" time="1.893" classname="com.jobchat.account.Register_01_1_Validation_UserName_Password" />
      
</testsuite>
